<?xml version="1.0" encoding="UTF-8"?>
<!-- Generated by org.testng.reporters.JUnitReportReporter -->
<testsuite hostname="DESKTOP-HD4PT0A" failures="0" tests="1" name="com.digistores.testcases.TC_001_Login" time="5.286" errors="0" timestamp="2021-10-31T16:36:33 IST" skipped="0">
  <testcase classname="com.digistores.testcases.TC_001_Login" name="login" time="5.286"/>
  <system-out/>
</testsuite> <!-- com.digistores.testcases.TC_001_Login -->
