<?xml version="1.0" encoding="UTF-8"?>
<!-- Generated by org.testng.reporters.JUnitReportReporter -->
<testsuite hostname="DESKTOP-HD4PT0A" failures="0" tests="1" name="com.digistores.testcases.TC_006_Redemption" time="73.211" errors="0" timestamp="2021-10-29T18:54:07 IST" skipped="0">
  <testcase classname="com.digistores.testcases.TC_006_Redemption" name="AccrualPayment" time="73.211"/>
  <system-out/>
</testsuite> <!-- com.digistores.testcases.TC_006_Redemption -->
