<?xml version="1.0" encoding="UTF-8"?>
<!-- Generated by org.testng.reporters.JUnitReportReporter -->
<testsuite hostname="DESKTOP-HD4PT0A" failures="0" tests="1" name="com.digistores.testcases.TC_003_Quicklinks" time="5.711" errors="0" timestamp="2021-10-31T17:14:00 IST" skipped="0">
  <testcase classname="com.digistores.testcases.TC_003_Quicklinks" name="Qvoucher" time="5.711"/>
  <system-out/>
</testsuite> <!-- com.digistores.testcases.TC_003_Quicklinks -->
