<?xml version="1.0" encoding="UTF-8"?>
<!-- Generated by org.testng.reporters.JUnitReportReporter -->
<testsuite hostname="DESKTOP-HD4PT0A" failures="0" tests="1" name="com.digistores.testcases.TC_004_AccrualPayment" time="49.818" errors="0" timestamp="2021-10-29T16:06:26 IST" skipped="0">
  <testcase classname="com.digistores.testcases.TC_004_AccrualPayment" name="AccrualPayment" time="49.818"/>
  <system-out/>
</testsuite> <!-- com.digistores.testcases.TC_004_AccrualPayment -->
