<?xml version="1.0" encoding="UTF-8"?>
<!-- Generated by org.testng.reporters.JUnitReportReporter -->
<testsuite hostname="DESKTOP-HD4PT0A" failures="0" tests="1" name="com.digistores.testcases.BaseClass" time="4.024" errors="0" timestamp="2021-10-23T12:43:05 IST" skipped="0">
  <testcase classname="com.digistores.testcases.BaseClass" name="invokeBrowser" time="4.024"/>
  <system-out/>
</testsuite> <!-- com.digistores.testcases.BaseClass -->
