<?xml version="1.0" encoding="UTF-8"?>
<!-- Generated by org.testng.reporters.JUnitReportReporter -->
<testsuite skipped="0" hostname="DESKTOP-HD4PT0A" name="com.digistores.testcases.TC_004_AccrualPayment" tests="1" failures="0" timestamp="2021-11-02T17:53:06 IST" time="63.303" errors="0">
  <testcase name="AccrualPayment" time="63.303" classname="com.digistores.testcases.TC_004_AccrualPayment"/>
  <system-out/>
</testsuite> <!-- com.digistores.testcases.TC_004_AccrualPayment -->
