<?xml version="1.0" encoding="UTF-8"?>
<!-- Generated by org.testng.reporters.JUnitReportReporter -->
<testsuite skipped="0" hostname="DESKTOP-HD4PT0A" name="com.digistores.testcases.TC_006_Redemption" tests="1" failures="0" timestamp="2021-11-02T17:53:06 IST" time="32.438" errors="0">
  <testcase name="AccrualPayment" time="32.438" classname="com.digistores.testcases.TC_006_Redemption"/>
  <system-out/>
</testsuite> <!-- com.digistores.testcases.TC_006_Redemption -->
