<?xml version="1.0" encoding="UTF-8"?>
<!-- Generated by org.testng.reporters.JUnitReportReporter -->
<testsuite skipped="0" hostname="DESKTOP-HD4PT0A" name="com.digistores.testcases.TC_002_HomepageElements" tests="4" failures="0" timestamp="2021-11-02T17:53:06 IST" time="15.384" errors="0">
  <testcase name="VouchersSection" time="4.346" classname="com.digistores.testcases.TC_002_HomepageElements"/>
  <system-out/>
  <testcase name="TravelVouchersSection" time="4.612" classname="com.digistores.testcases.TC_002_HomepageElements"/>
  <system-out/>
  <testcase name="quiklinks" time="4.322" classname="com.digistores.testcases.TC_002_HomepageElements"/>
  <system-out/>
  <testcase name="banner" time="2.104" classname="com.digistores.testcases.TC_002_HomepageElements"/>
  <system-out/>
</testsuite> <!-- com.digistores.testcases.TC_002_HomepageElements -->
